<?xml version="1.0" encoding="UTF-8"?>
<testsuite xmlns:xsi="http://www.w3.org/2001/XMLSchema-instance" xsi:noNamespaceSchemaLocation="https://maven.apache.org/surefire/maven-surefire-plugin/xsd/surefire-test-report-3.0.xsd" version="3.0" name="com.example.HolaSpring.HolaSpringApplicationTests" time="65.246" tests="1" errors="0" skipped="0" failures="0">
  <properties>
[...]
</properties>
  <testcase name="contextLoads" classname="com.example.HolaSpring.HolaSpringApplicationTests" time="2.142">
    <system-out><![CDATA[11:27:19.181 [main] INFO org.springframework.test.context.support.AnnotationConfigContextLoaderUtils -- Could not detect default configuration classes for test class [com.example.HolaSpring.HolaSpringApplicationTests]: HolaSpringApplicationTests does not declare any static, non-private, non-final, nested classes annotated with @Configuration.
11:27:21.118 [main] INFO org.springframework.boot.test.context.SpringBootTestContextBootstrapper -- Found @SpringBootConfiguration com.example.HolaSpringApplication for test class com.example.HolaSpring.HolaSpringApplicationTests
11:27:23.352 [main] INFO org.springframework.boot.devtools.restart.RestartApplicationListener -- Restart disabled due to context in which it is running

  .   ____          _            __ _ _
 /\\ / ___'_ __ _ _(_)_ __  __ _ \ \ \ \
( ( )\___ | '_ | '_| | '_ \/ _` | \ \ \ \
 \\/  ___)| |_)| | | | | || (_| |  ) ) ) )
  '  |____| .__|_| |_|_| |_\__, | / / / /
 =========|_|==============|___/=/_/_/_/

 :: Spring Boot ::                (v3.3.5)

2024-11-26T11:27:29.170-06:00  INFO 92675 --- [HolaSpring] [           main] c.e.H.HolaSpringApplicationTests         : Starting HolaSpringApplicationTests using Java 21.0.5 with PID 92675 (started by luis in /home/luis/Documents/Netbeans/CrudSpringBoot)
2024-11-26T11:27:29.219-06:00  INFO 92675 --- [HolaSpring] [           main] c.e.H.HolaSpringApplicationTests         : No active profile set, falling back to 1 default profile: "default"
2024-11-26T11:27:43.064-06:00  INFO 92675 --- [HolaSpring] [           main] .s.d.r.c.RepositoryConfigurationDelegate : Bootstrapping Spring Data JPA repositories in DEFAULT mode.
2024-11-26T11:27:43.400-06:00  INFO 92675 --- [HolaSpring] [           main] .s.d.r.c.RepositoryConfigurationDelegate : Finished Spring Data repository scanning in 295 ms. Found 1 JPA repository interface.
2024-11-26T11:27:51.780-06:00  INFO 92675 --- [HolaSpring] [           main] o.hibernate.jpa.internal.util.LogHelper  : HHH000204: Processing PersistenceUnitInfo [name: default]
2024-11-26T11:27:52.831-06:00  INFO 92675 --- [HolaSpring] [           main] org.hibernate.Version                    : HHH000412: Hibernate ORM core version 6.5.3.Final
2024-11-26T11:27:53.670-06:00  INFO 92675 --- [HolaSpring] [           main] o.h.c.internal.RegionFactoryInitiator    : HHH000026: Second-level cache disabled
2024-11-26T11:27:57.476-06:00  INFO 92675 --- [HolaSpring] [           main] o.s.o.j.p.SpringPersistenceUnitInfo      : No LoadTimeWeaver setup: ignoring JPA class transformer
2024-11-26T11:27:57.682-06:00  INFO 92675 --- [HolaSpring] [           main] com.zaxxer.hikari.HikariDataSource       : HikariPool-1 - Starting...
2024-11-26T11:28:01.011-06:00  INFO 92675 --- [HolaSpring] [           main] com.zaxxer.hikari.pool.HikariPool        : HikariPool-1 - Added connection com.mysql.cj.jdbc.ConnectionImpl@2f07930a
2024-11-26T11:28:01.031-06:00  INFO 92675 --- [HolaSpring] [           main] com.zaxxer.hikari.HikariDataSource       : HikariPool-1 - Start completed.
2024-11-26T11:28:01.801-06:00  WARN 92675 --- [HolaSpring] [           main] org.hibernate.orm.deprecation            : HHH90000025: MySQL8Dialect does not need to be specified explicitly using 'hibernate.dialect' (remove the property setting and it will be selected by default)
2024-11-26T11:28:01.814-06:00  WARN 92675 --- [HolaSpring] [           main] org.hibernate.orm.deprecation            : HHH90000026: MySQL8Dialect has been deprecated; use org.hibernate.dialect.MySQLDialect instead
2024-11-26T11:28:12.688-06:00  INFO 92675 --- [HolaSpring] [           main] o.h.e.t.j.p.i.JtaPlatformInitiator       : HHH000489: No JTA platform available (set 'hibernate.transaction.jta.platform' to enable JTA platform integration)
2024-11-26T11:28:13.139-06:00  INFO 92675 --- [HolaSpring] [           main] j.LocalContainerEntityManagerFactoryBean : Initialized JPA EntityManagerFactory for persistence unit 'default'
2024-11-26T11:28:16.695-06:00  WARN 92675 --- [HolaSpring] [           main] JpaBaseConfiguration$JpaWebConfiguration : spring.jpa.open-in-view is enabled by default. Therefore, database queries may be performed during view rendering. Explicitly configure spring.jpa.open-in-view to disable this warning
2024-11-26T11:28:20.280-06:00  INFO 92675 --- [HolaSpring] [           main] c.e.H.HolaSpringApplicationTests         : Started HolaSpringApplicationTests in 57.014 seconds (process running for 67.651)
]]></system-out>
    <system-err><![CDATA[WARNING: A Java agent has been loaded dynamically (/home/luis/.m2/repository/net/bytebuddy/byte-buddy-agent/1.14.19/byte-buddy-agent-1.14.19.jar)
WARNING: If a serviceability tool is in use, please run with -XX:+EnableDynamicAgentLoading to hide this warning
WARNING: If a serviceability tool is not in use, please run with -Djdk.instrument.traceUsage for more information
WARNING: Dynamic loading of agents will be disallowed by default in a future release
]]></system-err>
  </testcase>
</testsuite>